<?xml version="1.0" encoding="UTF-8"?>
<robot generator="Robot 7.1.1 (Python 3.10.12 on linux)" generated="2024-11-16T18:10:26.476389" rpa="false" schemaversion="5">
<suite id="s1" name="Tests" source="/home/pasonens/Desktop/kurssit/webcounter/webcounter/src/tests">
<suite id="s1-s1" name="Increment" source="/home/pasonens/Desktop/kurssit/webcounter/webcounter/src/tests/increment.robot">
<kw name="Open And Configure Browser" owner="resource" type="SETUP">
<kw name="Set Selenium Speed" owner="SeleniumLibrary">
<arg>${DELAY}</arg>
<doc>Sets the delay that is waited after each Selenium command.</doc>
<status status="PASS" start="2024-11-16T18:10:26.799891" elapsed="0.000377"/>
</kw>
<kw name="Open Browser" owner="SeleniumLibrary">
<msg time="2024-11-16T18:10:26.800777" level="INFO">Opening browser 'chrome' to base url 'None'.</msg>
<msg time="2024-11-16T18:10:28.030632" level="WARN">The chromedriver version (130.0.6723.91) detected in PATH at /usr/bin/chromedriver might not be compatible with the detected chrome version (131.0.6778.69); currently, chromedriver 131.0.6778.69 is recommended for chrome 131.*, so it is advised to delete the driver in PATH and retry</msg>
<arg>browser=${BROWSER}</arg>
<doc>Opens a new browser instance to the optional ``url``.</doc>
<status status="PASS" start="2024-11-16T18:10:26.800501" elapsed="2.300454"/>
</kw>
<status status="PASS" start="2024-11-16T18:10:26.799073" elapsed="2.302092"/>
</kw>
<test id="s1-s1-t1" name="At start the counter is zero" line="7">
<kw name="Go To" owner="SeleniumLibrary">
<msg time="2024-11-16T18:10:29.125066" level="INFO">Opening url 'http://localhost:5001'</msg>
<arg>${HOME_URL}</arg>
<doc>Navigates the current browser window to the provided ``url``.</doc>
<status status="PASS" start="2024-11-16T18:10:29.101910" elapsed="0.633074"/>
</kw>
<kw name="Title Should Be" owner="SeleniumLibrary">
<msg time="2024-11-16T18:10:30.255770" level="INFO">Page title is 'Laskuri'.</msg>
<arg>Laskuri</arg>
<doc>Verifies that the current page title equals ``title``.</doc>
<status status="PASS" start="2024-11-16T18:10:29.736275" elapsed="0.519989"/>
</kw>
<kw name="Page Should Contain" owner="SeleniumLibrary">
<msg time="2024-11-16T18:10:31.308829" level="INFO">Current page contains text 'nappia painettu 0 kertaa'.</msg>
<arg>nappia painettu 0 kertaa</arg>
<doc>Verifies that current page contains ``text``.</doc>
<status status="PASS" start="2024-11-16T18:10:30.257076" elapsed="1.052410"/>
</kw>
<status status="PASS" start="2024-11-16T18:10:29.101325" elapsed="2.209302"/>
</test>
<test id="s1-s1-t2" name="When button pressed twice the counter is two" line="12">
<kw name="Go To" owner="SeleniumLibrary">
<msg time="2024-11-16T18:10:31.313300" level="INFO">Opening url 'http://localhost:5001'</msg>
<arg>${HOME_URL}</arg>
<doc>Navigates the current browser window to the provided ``url``.</doc>
<status status="PASS" start="2024-11-16T18:10:31.312651" elapsed="0.558912"/>
</kw>
<kw name="Click Button" owner="SeleniumLibrary">
<msg time="2024-11-16T18:10:31.874718" level="INFO">Clicking button 'Paina'.</msg>
<arg>Paina</arg>
<doc>Clicks the button identified by ``locator``.</doc>
<status status="PASS" start="2024-11-16T18:10:31.873227" elapsed="1.638496"/>
</kw>
<kw name="Click Button" owner="SeleniumLibrary">
<msg time="2024-11-16T18:10:33.513912" level="INFO">Clicking button 'Paina'.</msg>
<arg>Paina</arg>
<doc>Clicks the button identified by ``locator``.</doc>
<status status="PASS" start="2024-11-16T18:10:33.513014" elapsed="1.599344"/>
</kw>
<kw name="Page Should Contain" owner="SeleniumLibrary">
<msg time="2024-11-16T18:10:36.147214" level="INFO">Current page contains text 'nappia painettu 2 kertaa'.</msg>
<arg>nappia painettu 2 kertaa</arg>
<doc>Verifies that current page contains ``text``.</doc>
<status status="PASS" start="2024-11-16T18:10:35.112885" elapsed="1.034921"/>
</kw>
<status status="PASS" start="2024-11-16T18:10:31.311441" elapsed="4.837435"/>
</test>
<kw name="Close Browser" owner="SeleniumLibrary" type="TEARDOWN">
<doc>Closes the current browser.</doc>
<status status="PASS" start="2024-11-16T18:10:36.150955" elapsed="0.562636"/>
</kw>
<status status="PASS" start="2024-11-16T18:10:26.518046" elapsed="10.195785"/>
</suite>
<status status="PASS" start="2024-11-16T18:10:26.477354" elapsed="10.238289"/>
</suite>
<statistics>
<total>
<stat pass="2" fail="0" skip="0">All Tests</stat>
</total>
<tag>
</tag>
<suite>
<stat pass="2" fail="0" skip="0" id="s1" name="Tests">Tests</stat>
<stat pass="2" fail="0" skip="0" id="s1-s1" name="Increment">Tests.Increment</stat>
</suite>
</statistics>
<errors>
<msg time="2024-11-16T18:10:28.030632" level="WARN">The chromedriver version (130.0.6723.91) detected in PATH at /usr/bin/chromedriver might not be compatible with the detected chrome version (131.0.6778.69); currently, chromedriver 131.0.6778.69 is recommended for chrome 131.*, so it is advised to delete the driver in PATH and retry</msg>
</errors>
</robot>
